 2021-03-30 01:44:49,017 
2021-03-30 01:44:49,017 
2021-03-30 01:51:48,734  []
2021-03-30 02:00:11,712  []
2021-03-30 22:22:36,828 Wybrana dzia쓰nie to: Dodawanie
2021-03-30 22:22:36,828 Wybrana liczba 1 to: 1
2021-03-30 22:22:36,828 Wybrana liczba 2 to: 6
2021-03-30 22:22:36,829 Wynik dzia쓰nia to: 7
2021-03-30 22:24:48,831 Wybrana dzia쓰nie to: Mnozenie
2021-03-30 22:24:48,832 Wybrana liczba 1 to: 5
2021-03-30 22:24:48,832 Wybrana liczba 2 to: 6
2021-03-30 22:24:48,833 Wynik dzia쓰nia to: 30
2021-03-30 22:35:58,444 Wybrana liczba 1 to: 100
2021-03-30 22:35:58,444 Wybrana liczba 2 to: 55
2021-03-30 22:35:58,468 Wynik dzia쓰nia to: 45
2021-03-30 22:39:27,495 Wybrana liczba 1 to: 5
2021-03-30 22:39:27,495 Wybrana liczba 2 to: 6
2021-03-30 22:39:27,496 Mnozenie
2021-03-30 22:39:27,496 Wynik dzia쓰nia to: 30
2021-03-30 22:44:24,397 Wybrana liczba 1 to: 2
2021-03-30 22:44:24,398 Wybrana liczba 2 to: 3
2021-03-30 22:44:24,398 Mnozenie
2021-03-30 22:44:24,400 Wynik dzia쓰nia to: 6
2021-05-08 20:02:13,860 Wybrana liczba 1 to: 4
2021-05-08 20:02:13,891 Wybrana liczba 2 to: 2
2021-05-08 20:02:13,891 Dzielenie
2021-05-08 20:02:13,891 Wynik dzia쓰nia to: 2.0
2021-05-08 20:02:26,685 Wybrana liczba 1 to: 2
2021-05-08 20:02:26,685 Wybrana liczba 2 to: 1
2021-05-08 20:02:26,685 Dzielenie
2021-05-08 20:02:26,685 Wynik dzia쓰nia to: 2.0
2021-05-08 23:25:56,311 Wybrana liczba 1 to: 5
2021-05-08 23:25:56,342 Wybrana liczba 2 to: 2
2021-05-08 23:25:56,342 Dzielenie
2021-05-08 23:25:56,342 Wynik dzia쓰nia to: 2.5
